{"name":"hexo","hostname":"YANG-PC","pid":9632,"level":20,"msg":"Hexo version: \u001b[35m3.2.2\u001b[39m","time":"2016-09-08T11:23:16.754Z","v":0}
{"name":"hexo","hostname":"YANG-PC","pid":9632,"level":20,"msg":"Working directory: \u001b[35mD:\\jyyblog_website\\jyycode.github.io\\\u001b[39m","time":"2016-09-08T11:23:16.770Z","v":0}
{"name":"hexo","hostname":"YANG-PC","pid":9632,"level":20,"msg":"Updating package.json","time":"2016-09-08T11:23:17.771Z","v":0}
{"name":"hexo","hostname":"YANG-PC","pid":9632,"level":20,"msg":"Config loaded: \u001b[35mD:\\jyyblog_website\\jyycode.github.io\\_config.yml\u001b[39m","time":"2016-09-08T11:23:17.802Z","v":0}
{"name":"hexo","hostname":"YANG-PC","pid":9632,"level":20,"msg":"Plugin loaded: \u001b[35mhexo-generator-archive\u001b[39m","time":"2016-09-08T11:23:17.887Z","v":0}
{"name":"hexo","hostname":"YANG-PC","pid":9632,"level":20,"msg":"Plugin loaded: \u001b[35mhexo-generator-index\u001b[39m","time":"2016-09-08T11:23:17.918Z","v":0}
{"name":"hexo","hostname":"YANG-PC","pid":9632,"level":20,"msg":"Plugin loaded: \u001b[35mhexo-generator-tag\u001b[39m","time":"2016-09-08T11:23:17.938Z","v":0}
{"name":"hexo","hostname":"YANG-PC","pid":9632,"level":20,"msg":"Plugin loaded: \u001b[35mhexo-renderer-sass\u001b[39m","time":"2016-09-08T11:23:17.940Z","v":0}
{"name":"hexo","hostname":"YANG-PC","pid":9632,"level":20,"msg":"Plugin loaded: \u001b[35mhexo-generator-category\u001b[39m","time":"2016-09-08T11:23:17.956Z","v":0}
{"name":"hexo","hostname":"YANG-PC","pid":9632,"level":20,"msg":"Plugin loaded: \u001b[35mhexo-renderer-ejs\u001b[39m","time":"2016-09-08T11:23:17.987Z","v":0}
{"name":"hexo","hostname":"YANG-PC","pid":9632,"level":20,"msg":"Plugin loaded: \u001b[35mhexo-renderer-stylus\u001b[39m","time":"2016-09-08T11:23:18.003Z","v":0}
{"name":"hexo","hostname":"YANG-PC","pid":9632,"level":20,"msg":"Script loaded: \u001b[35mthemes\\next\\scripts\\tags\\center-quote.js\u001b[39m","time":"2016-09-08T11:23:18.003Z","v":0}
{"name":"hexo","hostname":"YANG-PC","pid":9632,"level":20,"msg":"Script loaded: \u001b[35mthemes\\next\\scripts\\tags\\full-image.js\u001b[39m","time":"2016-09-08T11:23:18.003Z","v":0}
{"name":"hexo","hostname":"YANG-PC","pid":9632,"level":20,"msg":"Plugin loaded: \u001b[35mhexo-renderer-marked\u001b[39m","time":"2016-09-08T11:23:18.555Z","v":0}
{"name":"hexo","hostname":"YANG-PC","pid":9632,"level":20,"msg":"Plugin loaded: \u001b[35mhexo-server\u001b[39m","time":"2016-09-08T11:23:19.418Z","v":0}
{"name":"hexo","hostname":"YANG-PC","pid":9632,"level":20,"msg":"Script loaded: \u001b[35mthemes\\next\\scripts\\tags\\group-pictures.js\u001b[39m","time":"2016-09-08T11:23:19.418Z","v":0}
{"name":"hexo","hostname":"YANG-PC","pid":9632,"level":20,"msg":"Script loaded: \u001b[35mthemes\\next\\scripts\\merge-configs.js\u001b[39m","time":"2016-09-08T11:23:19.418Z","v":0}
{"name":"hexo","hostname":"YANG-PC","pid":9632,"level":30,"msg":"Start processing","time":"2016-09-08T11:23:19.437Z","v":0}
{"name":"hexo","hostname":"YANG-PC","pid":9632,"level":20,"msg":"Theme config loaded.","time":"2016-09-08T11:23:19.702Z","v":0}
{"name":"hexo","hostname":"YANG-PC","pid":9632,"level":20,"msg":"Processed: \u001b[35m_config.yml\u001b[39m","time":"2016-09-08T11:23:19.702Z","v":0}
{"name":"hexo","hostname":"YANG-PC","pid":9632,"level":20,"msg":"Processed: \u001b[35msource/images/avatar.gif\u001b[39m","time":"2016-09-08T11:23:19.771Z","v":0}
{"name":"hexo","hostname":"YANG-PC","pid":9632,"level":20,"msg":"Processed: \u001b[35msource/css/main.styl\u001b[39m","time":"2016-09-08T11:23:19.771Z","v":0}
{"name":"hexo","hostname":"YANG-PC","pid":9632,"level":20,"msg":"Processed: \u001b[35msource/images/cc-by-nc-nd.svg\u001b[39m","time":"2016-09-08T11:23:19.771Z","v":0}
{"name":"hexo","hostname":"YANG-PC","pid":9632,"level":20,"msg":"Processed: \u001b[35msource/images/cc-by-nc-sa.svg\u001b[39m","time":"2016-09-08T11:23:19.771Z","v":0}
{"name":"hexo","hostname":"YANG-PC","pid":9632,"level":20,"msg":"Processed: \u001b[35msource/images/cc-by-sa.svg\u001b[39m","time":"2016-09-08T11:23:19.771Z","v":0}
{"name":"hexo","hostname":"YANG-PC","pid":9632,"level":20,"msg":"Processed: \u001b[35msource/images/cc-by-nc.svg\u001b[39m","time":"2016-09-08T11:23:19.787Z","v":0}
{"name":"hexo","hostname":"YANG-PC","pid":9632,"level":20,"msg":"Processed: \u001b[35msource/images/cc-by-nd.svg\u001b[39m","time":"2016-09-08T11:23:19.787Z","v":0}
{"name":"hexo","hostname":"YANG-PC","pid":9632,"level":20,"msg":"Processed: \u001b[35msource/images/loading.gif\u001b[39m","time":"2016-09-08T11:23:19.787Z","v":0}
{"name":"hexo","hostname":"YANG-PC","pid":9632,"level":20,"msg":"Processed: \u001b[35msource/images/placeholder.gif\u001b[39m","time":"2016-09-08T11:23:19.787Z","v":0}
{"name":"hexo","hostname":"YANG-PC","pid":9632,"level":20,"msg":"Processed: \u001b[35msource/images/cc-by.svg\u001b[39m","time":"2016-09-08T11:23:19.787Z","v":0}
{"name":"hexo","hostname":"YANG-PC","pid":9632,"level":20,"msg":"Processed: \u001b[35msource/images/cc-zero.svg\u001b[39m","time":"2016-09-08T11:23:19.787Z","v":0}
{"name":"hexo","hostname":"YANG-PC","pid":9632,"level":20,"msg":"Processed: \u001b[35msource/images/quote-l.svg\u001b[39m","time":"2016-09-08T11:23:19.787Z","v":0}
{"name":"hexo","hostname":"YANG-PC","pid":9632,"level":20,"msg":"Processed: \u001b[35msource/images/quote-r.svg\u001b[39m","time":"2016-09-08T11:23:19.803Z","v":0}
{"name":"hexo","hostname":"YANG-PC","pid":9632,"level":20,"msg":"Processed: \u001b[35msource/images/searchicon.png\u001b[39m","time":"2016-09-08T11:23:19.940Z","v":0}
{"name":"hexo","hostname":"YANG-PC","pid":9632,"level":20,"msg":"Processed: \u001b[35mlanguages/default.yml\u001b[39m","time":"2016-09-08T11:23:19.940Z","v":0}
{"name":"hexo","hostname":"YANG-PC","pid":9632,"level":20,"msg":"Processed: \u001b[35mlanguages/en.yml\u001b[39m","time":"2016-09-08T11:23:19.956Z","v":0}
{"name":"hexo","hostname":"YANG-PC","pid":9632,"level":20,"msg":"Processed: \u001b[35mlanguages/de.yml\u001b[39m","time":"2016-09-08T11:23:19.956Z","v":0}
{"name":"hexo","hostname":"YANG-PC","pid":9632,"level":20,"msg":"Processed: \u001b[35mlanguages/fr-FR.yml\u001b[39m","time":"2016-09-08T11:23:19.956Z","v":0}
{"name":"hexo","hostname":"YANG-PC","pid":9632,"level":20,"msg":"Processed: \u001b[35mlanguages/id.yml\u001b[39m","time":"2016-09-08T11:23:19.956Z","v":0}
{"name":"hexo","hostname":"YANG-PC","pid":9632,"level":20,"msg":"Processed: \u001b[35mlanguages/ja.yml\u001b[39m","time":"2016-09-08T11:23:19.956Z","v":0}
{"name":"hexo","hostname":"YANG-PC","pid":9632,"level":20,"msg":"Processed: \u001b[35mlanguages/ko.yml\u001b[39m","time":"2016-09-08T11:23:19.956Z","v":0}
{"name":"hexo","hostname":"YANG-PC","pid":9632,"level":20,"msg":"Processed: \u001b[35mlanguages/pt-BR.yml\u001b[39m","time":"2016-09-08T11:23:19.956Z","v":0}
{"name":"hexo","hostname":"YANG-PC","pid":9632,"level":20,"msg":"Processed: \u001b[35mlanguages/pt.yml\u001b[39m","time":"2016-09-08T11:23:19.956Z","v":0}
{"name":"hexo","hostname":"YANG-PC","pid":9632,"level":20,"msg":"Processed: \u001b[35mlanguages/ru.yml\u001b[39m","time":"2016-09-08T11:23:19.956Z","v":0}
{"name":"hexo","hostname":"YANG-PC","pid":9632,"level":20,"msg":"Processed: \u001b[35mlanguages/zh-Hans.yml\u001b[39m","time":"2016-09-08T11:23:19.956Z","v":0}
{"name":"hexo","hostname":"YANG-PC","pid":9632,"level":20,"msg":"Processed: \u001b[35mlanguages/zh-tw.yml\u001b[39m","time":"2016-09-08T11:23:20.003Z","v":0}
{"name":"hexo","hostname":"YANG-PC","pid":9632,"level":20,"msg":"Processed: \u001b[35mlayout/_layout.swig\u001b[39m","time":"2016-09-08T11:23:20.119Z","v":0}
{"name":"hexo","hostname":"YANG-PC","pid":9632,"level":20,"msg":"Processed: \u001b[35mlayout/index.swig\u001b[39m","time":"2016-09-08T11:23:20.119Z","v":0}
{"name":"hexo","hostname":"YANG-PC","pid":9632,"level":20,"msg":"Processed: \u001b[35mlayout/category.swig\u001b[39m","time":"2016-09-08T11:23:20.119Z","v":0}
{"name":"hexo","hostname":"YANG-PC","pid":9632,"level":20,"msg":"Processed: \u001b[35mlayout/page.swig\u001b[39m","time":"2016-09-08T11:23:20.119Z","v":0}
{"name":"hexo","hostname":"YANG-PC","pid":9632,"level":20,"msg":"Processed: \u001b[35mlanguages/zh-hk.yml\u001b[39m","time":"2016-09-08T11:23:20.119Z","v":0}
{"name":"hexo","hostname":"YANG-PC","pid":9632,"level":20,"msg":"Processed: \u001b[35msource/js/src/bootstrap.js\u001b[39m","time":"2016-09-08T11:23:20.119Z","v":0}
{"name":"hexo","hostname":"YANG-PC","pid":9632,"level":20,"msg":"Processed: \u001b[35msource/js/src/hook-duoshuo.js\u001b[39m","time":"2016-09-08T11:23:20.119Z","v":0}
{"name":"hexo","hostname":"YANG-PC","pid":9632,"level":20,"msg":"Processed: \u001b[35msource/js/src/post-details.js\u001b[39m","time":"2016-09-08T11:23:20.119Z","v":0}
{"name":"hexo","hostname":"YANG-PC","pid":9632,"level":20,"msg":"Processed: \u001b[35msource/js/src/affix.js\u001b[39m","time":"2016-09-08T11:23:20.119Z","v":0}
{"name":"hexo","hostname":"YANG-PC","pid":9632,"level":20,"msg":"Processed: \u001b[35msource/js/src/motion.js\u001b[39m","time":"2016-09-08T11:23:20.119Z","v":0}
{"name":"hexo","hostname":"YANG-PC","pid":9632,"level":20,"msg":"Processed: \u001b[35mlayout/archive.swig\u001b[39m","time":"2016-09-08T11:23:20.188Z","v":0}
{"name":"hexo","hostname":"YANG-PC","pid":9632,"level":20,"msg":"Processed: \u001b[35mlayout/post.swig\u001b[39m","time":"2016-09-08T11:23:20.203Z","v":0}
{"name":"hexo","hostname":"YANG-PC","pid":9632,"level":20,"msg":"Processed: \u001b[35mlayout/tag.swig\u001b[39m","time":"2016-09-08T11:23:20.203Z","v":0}
{"name":"hexo","hostname":"YANG-PC","pid":9632,"level":20,"msg":"Processed: \u001b[35msource/js/src/utils.js\u001b[39m","time":"2016-09-08T11:23:20.219Z","v":0}
{"name":"hexo","hostname":"YANG-PC","pid":9632,"level":20,"msg":"Processed: \u001b[35msource/vendors/fastclick/bower.json\u001b[39m","time":"2016-09-08T11:23:20.219Z","v":0}
{"name":"hexo","hostname":"YANG-PC","pid":9632,"level":20,"msg":"Processed: \u001b[35msource/vendors/fastclick/LICENSE\u001b[39m","time":"2016-09-08T11:23:20.219Z","v":0}
{"name":"hexo","hostname":"YANG-PC","pid":9632,"level":20,"msg":"Processed: \u001b[35msource/vendors/fastclick/README.md\u001b[39m","time":"2016-09-08T11:23:20.219Z","v":0}
{"name":"hexo","hostname":"YANG-PC","pid":9632,"level":20,"msg":"Processed: \u001b[35msource/vendors/font-awesome/HELP-US-OUT.txt\u001b[39m","time":"2016-09-08T11:23:20.219Z","v":0}
{"name":"hexo","hostname":"YANG-PC","pid":9632,"level":20,"msg":"Processed: \u001b[35msource/vendors/font-awesome/bower.json\u001b[39m","time":"2016-09-08T11:23:20.219Z","v":0}
{"name":"hexo","hostname":"YANG-PC","pid":9632,"level":20,"msg":"Processed: \u001b[35msource/js/src/scrollspy.js\u001b[39m","time":"2016-09-08T11:23:20.219Z","v":0}
{"name":"hexo","hostname":"YANG-PC","pid":9632,"level":20,"msg":"Processed: \u001b[35msource/vendors/jquery_lazyload/CONTRIBUTING.md\u001b[39m","time":"2016-09-08T11:23:20.219Z","v":0}
{"name":"hexo","hostname":"YANG-PC","pid":9632,"level":20,"msg":"Processed: \u001b[35msource/vendors/jquery_lazyload/bower.json\u001b[39m","time":"2016-09-08T11:23:20.219Z","v":0}
{"name":"hexo","hostname":"YANG-PC","pid":9632,"level":20,"msg":"Processed: \u001b[35msource/vendors/jquery_lazyload/README.md\u001b[39m","time":"2016-09-08T11:23:20.219Z","v":0}
{"name":"hexo","hostname":"YANG-PC","pid":9632,"level":20,"msg":"Processed: \u001b[35msource/vendors/velocity/bower.json\u001b[39m","time":"2016-09-08T11:23:20.219Z","v":0}
{"name":"hexo","hostname":"YANG-PC","pid":9632,"level":20,"msg":"Processed: \u001b[35msource/vendors/jquery_lazyload/jquery.scrollstop.js\u001b[39m","time":"2016-09-08T11:23:20.219Z","v":0}
{"name":"hexo","hostname":"YANG-PC","pid":9632,"level":20,"msg":"Processed: \u001b[35msource/vendors/jquery_lazyload/jquery.lazyload.js\u001b[39m","time":"2016-09-08T11:23:20.235Z","v":0}
{"name":"hexo","hostname":"YANG-PC","pid":9632,"level":20,"msg":"Processed: \u001b[35msource/vendors/velocity/velocity.ui.js\u001b[39m","time":"2016-09-08T11:23:20.236Z","v":0}
{"name":"hexo","hostname":"YANG-PC","pid":9632,"level":20,"msg":"Processed: \u001b[35mlayout/_macro/post-collapse.swig\u001b[39m","time":"2016-09-08T11:23:20.288Z","v":0}
{"name":"hexo","hostname":"YANG-PC","pid":9632,"level":20,"msg":"Processed: \u001b[35mlayout/_partials/comments.swig\u001b[39m","time":"2016-09-08T11:23:20.288Z","v":0}
{"name":"hexo","hostname":"YANG-PC","pid":9632,"level":20,"msg":"Processed: \u001b[35mlayout/_macro/reward.swig\u001b[39m","time":"2016-09-08T11:23:20.288Z","v":0}
{"name":"hexo","hostname":"YANG-PC","pid":9632,"level":20,"msg":"Processed: \u001b[35mlayout/_macro/sidebar.swig\u001b[39m","time":"2016-09-08T11:23:20.288Z","v":0}
{"name":"hexo","hostname":"YANG-PC","pid":9632,"level":20,"msg":"Processed: \u001b[35mlayout/_macro/wechat-subscriber.swig\u001b[39m","time":"2016-09-08T11:23:20.288Z","v":0}
{"name":"hexo","hostname":"YANG-PC","pid":9632,"level":20,"msg":"Processed: \u001b[35mlayout/_partials/duoshuo-hot-articles.swig\u001b[39m","time":"2016-09-08T11:23:20.288Z","v":0}
{"name":"hexo","hostname":"YANG-PC","pid":9632,"level":20,"msg":"Processed: \u001b[35mlayout/_partials/footer.swig\u001b[39m","time":"2016-09-08T11:23:20.288Z","v":0}
{"name":"hexo","hostname":"YANG-PC","pid":9632,"level":20,"msg":"Processed: \u001b[35mlayout/_macro/post.swig\u001b[39m","time":"2016-09-08T11:23:20.288Z","v":0}
{"name":"hexo","hostname":"YANG-PC","pid":9632,"level":20,"msg":"Processed: \u001b[35mlayout/_partials/pagination.swig\u001b[39m","time":"2016-09-08T11:23:20.288Z","v":0}
{"name":"hexo","hostname":"YANG-PC","pid":9632,"level":20,"msg":"Processed: \u001b[35mlayout/_partials/head.swig\u001b[39m","time":"2016-09-08T11:23:20.288Z","v":0}
{"name":"hexo","hostname":"YANG-PC","pid":9632,"level":20,"msg":"Processed: \u001b[35mlayout/_partials/search.swig\u001b[39m","time":"2016-09-08T11:23:20.288Z","v":0}
{"name":"hexo","hostname":"YANG-PC","pid":9632,"level":20,"msg":"Processed: \u001b[35mlayout/_scripts/boostrap.swig\u001b[39m","time":"2016-09-08T11:23:20.288Z","v":0}
{"name":"hexo","hostname":"YANG-PC","pid":9632,"level":20,"msg":"Processed: \u001b[35mlayout/_scripts/baidu-push.swig\u001b[39m","time":"2016-09-08T11:23:20.288Z","v":0}
{"name":"hexo","hostname":"YANG-PC","pid":9632,"level":20,"msg":"Processed: \u001b[35mlayout/_scripts/commons.swig\u001b[39m","time":"2016-09-08T11:23:20.288Z","v":0}
{"name":"hexo","hostname":"YANG-PC","pid":9632,"level":20,"msg":"Processed: \u001b[35mlayout/_scripts/vendors.swig\u001b[39m","time":"2016-09-08T11:23:20.288Z","v":0}
{"name":"hexo","hostname":"YANG-PC","pid":9632,"level":20,"msg":"Processed: \u001b[35mlayout/_partials/header.swig\u001b[39m","time":"2016-09-08T11:23:20.303Z","v":0}
{"name":"hexo","hostname":"YANG-PC","pid":9632,"level":20,"msg":"Processed: \u001b[35m_posts/hello-world.md\u001b[39m","time":"2016-09-08T11:23:20.303Z","v":0}
{"name":"hexo","hostname":"YANG-PC","pid":9632,"level":20,"msg":"Processed: \u001b[35msource/vendors/jquery/index.js\u001b[39m","time":"2016-09-08T11:23:20.303Z","v":0}
{"name":"hexo","hostname":"YANG-PC","pid":9632,"level":20,"msg":"Processed: \u001b[35msource/vendors/velocity/velocity.min.js\u001b[39m","time":"2016-09-08T11:23:20.303Z","v":0}
{"name":"hexo","hostname":"YANG-PC","pid":9632,"level":20,"msg":"Processed: \u001b[35msource/vendors/velocity/velocity.ui.min.js\u001b[39m","time":"2016-09-08T11:23:20.303Z","v":0}
{"name":"hexo","hostname":"YANG-PC","pid":9632,"level":20,"msg":"Processed: \u001b[35msource/js/src/schemes/pisces.js\u001b[39m","time":"2016-09-08T11:23:20.319Z","v":0}
{"name":"hexo","hostname":"YANG-PC","pid":9632,"level":20,"msg":"Processed: \u001b[35msource/vendors/fancybox/source/blank.gif\u001b[39m","time":"2016-09-08T11:23:20.319Z","v":0}
{"name":"hexo","hostname":"YANG-PC","pid":9632,"level":20,"msg":"Processed: \u001b[35mlayout/_scripts/schemes/mist.swig\u001b[39m","time":"2016-09-08T11:23:20.456Z","v":0}
{"name":"hexo","hostname":"YANG-PC","pid":9632,"level":20,"msg":"Processed: \u001b[35mlayout/_scripts/schemes/muse.swig\u001b[39m","time":"2016-09-08T11:23:20.456Z","v":0}
{"name":"hexo","hostname":"YANG-PC","pid":9632,"level":20,"msg":"Processed: \u001b[35msource/vendors/fancybox/source/fancybox_loading.gif\u001b[39m","time":"2016-09-08T11:23:20.456Z","v":0}
{"name":"hexo","hostname":"YANG-PC","pid":9632,"level":20,"msg":"Processed: \u001b[35msource/vendors/fancybox/source/fancybox_loading@2x.gif\u001b[39m","time":"2016-09-08T11:23:20.456Z","v":0}
{"name":"hexo","hostname":"YANG-PC","pid":9632,"level":20,"msg":"Processed: \u001b[35msource/vendors/fancybox/source/fancybox_sprite.png\u001b[39m","time":"2016-09-08T11:23:20.456Z","v":0}
{"name":"hexo","hostname":"YANG-PC","pid":9632,"level":20,"msg":"Processed: \u001b[35msource/vendors/fancybox/source/fancybox_overlay.png\u001b[39m","time":"2016-09-08T11:23:20.456Z","v":0}
{"name":"hexo","hostname":"YANG-PC","pid":9632,"level":20,"msg":"Processed: \u001b[35msource/vendors/fancybox/source/fancybox_sprite@2x.png\u001b[39m","time":"2016-09-08T11:23:20.456Z","v":0}
{"name":"hexo","hostname":"YANG-PC","pid":9632,"level":20,"msg":"Processed: \u001b[35msource/vendors/fancybox/source/jquery.fancybox.css\u001b[39m","time":"2016-09-08T11:23:20.456Z","v":0}
{"name":"hexo","hostname":"YANG-PC","pid":9632,"level":20,"msg":"Processed: \u001b[35msource/vendors/fancybox/source/jquery.fancybox.js\u001b[39m","time":"2016-09-08T11:23:20.456Z","v":0}
{"name":"hexo","hostname":"YANG-PC","pid":9632,"level":20,"msg":"Processed: \u001b[35msource/vendors/fastclick/lib/fastclick.js\u001b[39m","time":"2016-09-08T11:23:20.456Z","v":0}
{"name":"hexo","hostname":"YANG-PC","pid":9632,"level":20,"msg":"Processed: \u001b[35msource/vendors/fancybox/source/jquery.fancybox.pack.js\u001b[39m","time":"2016-09-08T11:23:20.456Z","v":0}
{"name":"hexo","hostname":"YANG-PC","pid":9632,"level":20,"msg":"Processed: \u001b[35msource/vendors/fastclick/lib/fastclick.min.js\u001b[39m","time":"2016-09-08T11:23:20.456Z","v":0}
{"name":"hexo","hostname":"YANG-PC","pid":9632,"level":20,"msg":"Processed: \u001b[35msource/vendors/font-awesome/css/font-awesome.css\u001b[39m","time":"2016-09-08T11:23:20.456Z","v":0}
{"name":"hexo","hostname":"YANG-PC","pid":9632,"level":20,"msg":"Processed: \u001b[35msource/vendors/font-awesome/fonts/fontawesome-webfont.woff2\u001b[39m","time":"2016-09-08T11:23:20.456Z","v":0}
{"name":"hexo","hostname":"YANG-PC","pid":9632,"level":20,"msg":"Processed: \u001b[35msource/vendors/font-awesome/css/font-awesome.css.map\u001b[39m","time":"2016-09-08T11:23:20.472Z","v":0}
{"name":"hexo","hostname":"YANG-PC","pid":9632,"level":20,"msg":"Processed: \u001b[35msource/vendors/font-awesome/css/font-awesome.min.css\u001b[39m","time":"2016-09-08T11:23:20.472Z","v":0}
{"name":"hexo","hostname":"YANG-PC","pid":9632,"level":20,"msg":"Processed: \u001b[35msource/vendors/ua-parser-js/dist/ua-parser.pack.js\u001b[39m","time":"2016-09-08T11:23:20.472Z","v":0}
{"name":"hexo","hostname":"YANG-PC","pid":9632,"level":20,"msg":"Processed: \u001b[35msource/vendors/ua-parser-js/dist/ua-parser.min.js\u001b[39m","time":"2016-09-08T11:23:20.472Z","v":0}
{"name":"hexo","hostname":"YANG-PC","pid":9632,"level":20,"msg":"Processed: \u001b[35mlayout/_partials/head/external-fonts.swig\u001b[39m","time":"2016-09-08T11:23:20.472Z","v":0}
{"name":"hexo","hostname":"YANG-PC","pid":9632,"level":20,"msg":"Processed: \u001b[35mlayout/_partials/search/swiftype.swig\u001b[39m","time":"2016-09-08T11:23:20.487Z","v":0}
{"name":"hexo","hostname":"YANG-PC","pid":9632,"level":20,"msg":"Processed: \u001b[35mlayout/_partials/search/localsearch.swig\u001b[39m","time":"2016-09-08T11:23:20.487Z","v":0}
{"name":"hexo","hostname":"YANG-PC","pid":9632,"level":20,"msg":"Processed: \u001b[35mlayout/_partials/search/tinysou.swig\u001b[39m","time":"2016-09-08T11:23:20.487Z","v":0}
{"name":"hexo","hostname":"YANG-PC","pid":9632,"level":20,"msg":"Processed: \u001b[35mlayout/_partials/share/add-this.swig\u001b[39m","time":"2016-09-08T11:23:20.487Z","v":0}
{"name":"hexo","hostname":"YANG-PC","pid":9632,"level":20,"msg":"Processed: \u001b[35mlayout/_partials/share/duoshuo_share.swig\u001b[39m","time":"2016-09-08T11:23:20.487Z","v":0}
{"name":"hexo","hostname":"YANG-PC","pid":9632,"level":20,"msg":"Processed: \u001b[35mlayout/_scripts/pages/post-details.swig\u001b[39m","time":"2016-09-08T11:23:20.487Z","v":0}
{"name":"hexo","hostname":"YANG-PC","pid":9632,"level":20,"msg":"Processed: \u001b[35mlayout/_scripts/schemes/pisces.swig\u001b[39m","time":"2016-09-08T11:23:20.487Z","v":0}
{"name":"hexo","hostname":"YANG-PC","pid":9632,"level":20,"msg":"Processed: \u001b[35mlayout/_partials/share/jiathis.swig\u001b[39m","time":"2016-09-08T11:23:20.487Z","v":0}
{"name":"hexo","hostname":"YANG-PC","pid":9632,"level":20,"msg":"Processed: \u001b[35mlayout/_scripts/third-party/analytics.swig\u001b[39m","time":"2016-09-08T11:23:20.487Z","v":0}
{"name":"hexo","hostname":"YANG-PC","pid":9632,"level":20,"msg":"Processed: \u001b[35mlayout/_scripts/third-party/comments.swig\u001b[39m","time":"2016-09-08T11:23:20.487Z","v":0}
{"name":"hexo","hostname":"YANG-PC","pid":9632,"level":20,"msg":"Processed: \u001b[35mlayout/_partials/share/baidushare.swig\u001b[39m","time":"2016-09-08T11:23:20.487Z","v":0}
{"name":"hexo","hostname":"YANG-PC","pid":9632,"level":20,"msg":"Processed: \u001b[35mlayout/_scripts/third-party/mathjax.swig\u001b[39m","time":"2016-09-08T11:23:20.487Z","v":0}
{"name":"hexo","hostname":"YANG-PC","pid":9632,"level":20,"msg":"Processed: \u001b[35mlayout/_scripts/third-party/lean-analytics.swig\u001b[39m","time":"2016-09-08T11:23:20.487Z","v":0}
{"name":"hexo","hostname":"YANG-PC","pid":9632,"level":20,"msg":"Processed: \u001b[35mlayout/_scripts/third-party/localsearch.swig\u001b[39m","time":"2016-09-08T11:23:20.487Z","v":0}
{"name":"hexo","hostname":"YANG-PC","pid":9632,"level":20,"msg":"Processed: \u001b[35mlayout/_scripts/third-party/tinysou.swig\u001b[39m","time":"2016-09-08T11:23:20.487Z","v":0}
{"name":"hexo","hostname":"YANG-PC","pid":9632,"level":20,"msg":"Processed: \u001b[35msource/vendors/font-awesome/fonts/fontawesome-webfont.eot\u001b[39m","time":"2016-09-08T11:23:20.487Z","v":0}
{"name":"hexo","hostname":"YANG-PC","pid":9632,"level":20,"msg":"Processed: \u001b[35msource/vendors/font-awesome/fonts/FontAwesome.otf\u001b[39m","time":"2016-09-08T11:23:20.487Z","v":0}
{"name":"hexo","hostname":"YANG-PC","pid":9632,"level":20,"msg":"Processed: \u001b[35msource/vendors/font-awesome/fonts/fontawesome-webfont.woff\u001b[39m","time":"2016-09-08T11:23:20.503Z","v":0}
{"name":"hexo","hostname":"YANG-PC","pid":9632,"level":20,"msg":"Processed: \u001b[35msource/vendors/fancybox/source/helpers/fancybox_buttons.png\u001b[39m","time":"2016-09-08T11:23:20.503Z","v":0}
{"name":"hexo","hostname":"YANG-PC","pid":9632,"level":20,"msg":"Processed: \u001b[35msource/vendors/fancybox/source/helpers/jquery.fancybox-buttons.css\u001b[39m","time":"2016-09-08T11:23:20.503Z","v":0}
{"name":"hexo","hostname":"YANG-PC","pid":9632,"level":20,"msg":"Processed: \u001b[35msource/vendors/fancybox/source/helpers/jquery.fancybox-media.js\u001b[39m","time":"2016-09-08T11:23:20.503Z","v":0}
{"name":"hexo","hostname":"YANG-PC","pid":9632,"level":20,"msg":"Processed: \u001b[35msource/vendors/fancybox/source/helpers/jquery.fancybox-thumbs.css\u001b[39m","time":"2016-09-08T11:23:20.503Z","v":0}
{"name":"hexo","hostname":"YANG-PC","pid":9632,"level":20,"msg":"Processed: \u001b[35msource/vendors/fancybox/source/helpers/jquery.fancybox-buttons.js\u001b[39m","time":"2016-09-08T11:23:20.503Z","v":0}
{"name":"hexo","hostname":"YANG-PC","pid":9632,"level":20,"msg":"Processed: \u001b[35msource/vendors/font-awesome/fonts/fontawesome-webfont.ttf\u001b[39m","time":"2016-09-08T11:23:20.503Z","v":0}
{"name":"hexo","hostname":"YANG-PC","pid":9632,"level":20,"msg":"Processed: \u001b[35msource/vendors/fancybox/source/helpers/jquery.fancybox-thumbs.js\u001b[39m","time":"2016-09-08T11:23:20.503Z","v":0}
{"name":"hexo","hostname":"YANG-PC","pid":9632,"level":20,"msg":"Processed: \u001b[35msource/vendors/velocity/velocity.js\u001b[39m","time":"2016-09-08T11:23:20.519Z","v":0}
{"name":"hexo","hostname":"YANG-PC","pid":9632,"level":20,"msg":"Processed: \u001b[35mlayout/_scripts/third-party/analytics/baidu-analytics.swig\u001b[39m","time":"2016-09-08T11:23:20.519Z","v":0}
{"name":"hexo","hostname":"YANG-PC","pid":9632,"level":20,"msg":"Processed: \u001b[35mlayout/_scripts/third-party/analytics/cnzz-analytics.swig\u001b[39m","time":"2016-09-08T11:23:20.519Z","v":0}
{"name":"hexo","hostname":"YANG-PC","pid":9632,"level":20,"msg":"Processed: \u001b[35mlayout/_scripts/third-party/analytics/busuanzi-counter.swig\u001b[39m","time":"2016-09-08T11:23:20.519Z","v":0}
{"name":"hexo","hostname":"YANG-PC","pid":9632,"level":20,"msg":"Processed: \u001b[35mlayout/_scripts/third-party/analytics/facebook-sdk.swig\u001b[39m","time":"2016-09-08T11:23:20.519Z","v":0}
{"name":"hexo","hostname":"YANG-PC","pid":9632,"level":20,"msg":"Processed: \u001b[35mlayout/_scripts/third-party/analytics/google-analytics.swig\u001b[39m","time":"2016-09-08T11:23:20.519Z","v":0}
{"name":"hexo","hostname":"YANG-PC","pid":9632,"level":20,"msg":"Processed: \u001b[35mlayout/_scripts/third-party/comments/disqus.swig\u001b[39m","time":"2016-09-08T11:23:20.519Z","v":0}
{"name":"hexo","hostname":"YANG-PC","pid":9632,"level":20,"msg":"Processed: \u001b[35mlayout/_scripts/third-party/comments/duoshuo.swig\u001b[39m","time":"2016-09-08T11:23:20.519Z","v":0}
{"name":"hexo","hostname":"YANG-PC","pid":9632,"level":20,"msg":"Processed: \u001b[35mlayout/_scripts/third-party/analytics/tencent-analytics.swig\u001b[39m","time":"2016-09-08T11:23:20.519Z","v":0}
{"name":"hexo","hostname":"YANG-PC","pid":9632,"level":20,"msg":"Processed: \u001b[35msource/vendors/font-awesome/fonts/fontawesome-webfont.svg\u001b[39m","time":"2016-09-08T11:23:20.519Z","v":0}
{"name":"hexo","hostname":"YANG-PC","pid":9632,"level":20,"msg":"Generator: \u001b[35mpage\u001b[39m","time":"2016-09-08T11:23:21.373Z","v":0}
{"name":"hexo","hostname":"YANG-PC","pid":9632,"level":20,"msg":"Generator: \u001b[35mpost\u001b[39m","time":"2016-09-08T11:23:21.389Z","v":0}
{"name":"hexo","hostname":"YANG-PC","pid":9632,"level":20,"msg":"Generator: \u001b[35marchive\u001b[39m","time":"2016-09-08T11:23:21.389Z","v":0}
{"name":"hexo","hostname":"YANG-PC","pid":9632,"level":20,"msg":"Generator: \u001b[35mindex\u001b[39m","time":"2016-09-08T11:23:21.389Z","v":0}
{"name":"hexo","hostname":"YANG-PC","pid":9632,"level":20,"msg":"Generator: \u001b[35mtag\u001b[39m","time":"2016-09-08T11:23:21.389Z","v":0}
{"name":"hexo","hostname":"YANG-PC","pid":9632,"level":20,"msg":"Generator: \u001b[35mcategory\u001b[39m","time":"2016-09-08T11:23:21.389Z","v":0}
{"name":"hexo","hostname":"YANG-PC","pid":9632,"level":20,"msg":"Generator: \u001b[35masset\u001b[39m","time":"2016-09-08T11:23:21.389Z","v":0}
{"name":"hexo","hostname":"YANG-PC","pid":9632,"level":30,"msg":"Hexo is running at \u001b[4mhttp://localhost:4000/\u001b[24m. Press Ctrl+C to stop.","time":"2016-09-08T11:23:21.389Z","v":0}
{"name":"hexo","hostname":"YANG-PC","pid":9632,"level":20,"msg":"Database saved","time":"2016-09-08T11:23:21.405Z","v":0}
{"name":"hexo","hostname":"YANG-PC","pid":9632,"level":20,"msg":"Rendering index: \u001b[35mindex.html\u001b[39m","time":"2016-09-08T11:24:41.950Z","v":0}
{"name":"hexo","hostname":"YANG-PC","pid":9632,"level":20,"msg":"Rendering index: \u001b[35mindex.html\u001b[39m","time":"2016-09-08T11:27:18.831Z","v":0}
{"name":"hexo","hostname":"YANG-PC","pid":9632,"level":20,"msg":"Rendering index: \u001b[35mindex.html\u001b[39m","time":"2016-09-08T11:32:53.698Z","v":0}
{"name":"hexo","hostname":"YANG-PC","pid":11348,"level":20,"msg":"Hexo version: 3.2.2","time":"2016-09-20T12:00:35.691Z","v":0}
{"name":"hexo","hostname":"YANG-PC","pid":11348,"level":20,"msg":"Working directory: D:\\jyyblog_website\\jyycode.github.io\\","time":"2016-09-20T12:00:35.694Z","v":0}
{"name":"hexo","hostname":"YANG-PC","pid":11348,"level":20,"msg":"Config loaded: D:\\jyyblog_website\\jyycode.github.io\\_config.yml","time":"2016-09-20T12:00:36.872Z","v":0}
{"name":"hexo","hostname":"YANG-PC","pid":11348,"level":20,"msg":"Plugin loaded: hexo-generator-archive","time":"2016-09-20T12:00:37.034Z","v":0}
{"name":"hexo","hostname":"YANG-PC","pid":11348,"level":20,"msg":"Plugin loaded: hexo-generator-index","time":"2016-09-20T12:00:37.065Z","v":0}
{"name":"hexo","hostname":"YANG-PC","pid":11348,"level":20,"msg":"Plugin loaded: hexo-renderer-ejs","time":"2016-09-20T12:00:37.116Z","v":0}
{"name":"hexo","hostname":"YANG-PC","pid":11348,"level":20,"msg":"Plugin loaded: hexo-generator-tag","time":"2016-09-20T12:00:37.127Z","v":0}
{"name":"hexo","hostname":"YANG-PC","pid":11348,"level":20,"msg":"Plugin loaded: hexo-generator-category","time":"2016-09-20T12:00:37.143Z","v":0}
{"name":"hexo","hostname":"YANG-PC","pid":11348,"level":20,"msg":"Plugin loaded: hexo-renderer-marked","time":"2016-09-20T12:00:37.965Z","v":0}
{"name":"hexo","hostname":"YANG-PC","pid":11348,"level":20,"msg":"Plugin loaded: hexo-renderer-sass","time":"2016-09-20T12:00:38.094Z","v":0}
{"name":"hexo","hostname":"YANG-PC","pid":11348,"level":20,"msg":"Plugin loaded: hexo-renderer-stylus","time":"2016-09-20T12:00:38.109Z","v":0}
{"name":"hexo","hostname":"YANG-PC","pid":11348,"level":20,"msg":"Plugin loaded: hexo-server","time":"2016-09-20T12:00:39.381Z","v":0}
{"name":"hexo","hostname":"YANG-PC","pid":11348,"level":20,"msg":"Script loaded: themes\\next\\scripts\\tags\\center-quote.js","time":"2016-09-20T12:00:39.381Z","v":0}
{"name":"hexo","hostname":"YANG-PC","pid":11348,"level":20,"msg":"Script loaded: themes\\next\\scripts\\tags\\full-image.js","time":"2016-09-20T12:00:39.382Z","v":0}
{"name":"hexo","hostname":"YANG-PC","pid":11348,"level":20,"msg":"Script loaded: themes\\next\\scripts\\merge-configs.js","time":"2016-09-20T12:00:39.382Z","v":0}
{"name":"hexo","hostname":"YANG-PC","pid":11348,"level":20,"msg":"Script loaded: themes\\next\\scripts\\tags\\group-pictures.js","time":"2016-09-20T12:00:39.383Z","v":0}
{"name":"hexo","hostname":"YANG-PC","pid":11348,"level":20,"msg":"Loading database.","time":"2016-09-20T12:00:39.392Z","v":0}
{"name":"hexo","hostname":"YANG-PC","pid":11348,"level":30,"msg":"Start processing","time":"2016-09-20T12:00:39.443Z","v":0}
{"name":"hexo","hostname":"YANG-PC","pid":11348,"level":20,"msg":"Processed: source/css/main.styl","time":"2016-09-20T12:00:39.733Z","v":0}
{"name":"hexo","hostname":"YANG-PC","pid":11348,"level":20,"msg":"Processed: _posts/hello-world.md","time":"2016-09-20T12:00:39.765Z","v":0}
{"name":"hexo","hostname":"YANG-PC","pid":11348,"level":20,"msg":"Processed: source/images/avatar.gif","time":"2016-09-20T12:00:39.861Z","v":0}
{"name":"hexo","hostname":"YANG-PC","pid":11348,"level":20,"msg":"Theme config loaded.","time":"2016-09-20T12:00:39.881Z","v":0}
{"name":"hexo","hostname":"YANG-PC","pid":11348,"level":20,"msg":"Processed: _config.yml","time":"2016-09-20T12:00:39.883Z","v":0}
{"name":"hexo","hostname":"YANG-PC","pid":11348,"level":20,"msg":"Processed: source/images/cc-by-nc.svg","time":"2016-09-20T12:00:39.884Z","v":0}
{"name":"hexo","hostname":"YANG-PC","pid":11348,"level":20,"msg":"Processed: source/images/cc-by-nd.svg","time":"2016-09-20T12:00:39.884Z","v":0}
{"name":"hexo","hostname":"YANG-PC","pid":11348,"level":20,"msg":"Processed: source/images/cc-by-sa.svg","time":"2016-09-20T12:00:39.885Z","v":0}
{"name":"hexo","hostname":"YANG-PC","pid":11348,"level":20,"msg":"Processed: source/images/cc-by.svg","time":"2016-09-20T12:00:39.885Z","v":0}
{"name":"hexo","hostname":"YANG-PC","pid":11348,"level":20,"msg":"Processed: source/images/loading.gif","time":"2016-09-20T12:00:39.885Z","v":0}
{"name":"hexo","hostname":"YANG-PC","pid":11348,"level":20,"msg":"Processed: source/images/placeholder.gif","time":"2016-09-20T12:00:39.885Z","v":0}
{"name":"hexo","hostname":"YANG-PC","pid":11348,"level":20,"msg":"Processed: source/images/cc-by-nc-nd.svg","time":"2016-09-20T12:00:39.886Z","v":0}
{"name":"hexo","hostname":"YANG-PC","pid":11348,"level":20,"msg":"Processed: source/images/cc-by-nc-sa.svg","time":"2016-09-20T12:00:39.889Z","v":0}
{"name":"hexo","hostname":"YANG-PC","pid":11348,"level":20,"msg":"Processed: source/images/quote-l.svg","time":"2016-09-20T12:00:39.890Z","v":0}
{"name":"hexo","hostname":"YANG-PC","pid":11348,"level":20,"msg":"Processed: source/images/searchicon.png","time":"2016-09-20T12:00:39.891Z","v":0}
{"name":"hexo","hostname":"YANG-PC","pid":11348,"level":20,"msg":"Processed: source/images/quote-r.svg","time":"2016-09-20T12:00:39.892Z","v":0}
{"name":"hexo","hostname":"YANG-PC","pid":11348,"level":20,"msg":"Processed: source/images/cc-zero.svg","time":"2016-09-20T12:00:39.892Z","v":0}
{"name":"hexo","hostname":"YANG-PC","pid":11348,"level":20,"msg":"Processed: source/js/src/bootstrap.js","time":"2016-09-20T12:00:40.170Z","v":0}
{"name":"hexo","hostname":"YANG-PC","pid":11348,"level":20,"msg":"Processed: source/js/src/affix.js","time":"2016-09-20T12:00:40.171Z","v":0}
{"name":"hexo","hostname":"YANG-PC","pid":11348,"level":20,"msg":"Processed: source/js/src/hook-duoshuo.js","time":"2016-09-20T12:00:40.171Z","v":0}
{"name":"hexo","hostname":"YANG-PC","pid":11348,"level":20,"msg":"Processed: source/js/src/post-details.js","time":"2016-09-20T12:00:40.171Z","v":0}
{"name":"hexo","hostname":"YANG-PC","pid":11348,"level":20,"msg":"Processed: source/js/src/motion.js","time":"2016-09-20T12:00:40.171Z","v":0}
{"name":"hexo","hostname":"YANG-PC","pid":11348,"level":20,"msg":"Processed: source/js/src/scrollspy.js","time":"2016-09-20T12:00:40.172Z","v":0}
{"name":"hexo","hostname":"YANG-PC","pid":11348,"level":20,"msg":"Processed: source/js/src/utils.js","time":"2016-09-20T12:00:40.172Z","v":0}
{"name":"hexo","hostname":"YANG-PC","pid":11348,"level":20,"msg":"Processed: source/vendors/fastclick/LICENSE","time":"2016-09-20T12:00:40.172Z","v":0}
{"name":"hexo","hostname":"YANG-PC","pid":11348,"level":20,"msg":"Processed: source/vendors/fastclick/bower.json","time":"2016-09-20T12:00:40.173Z","v":0}
{"name":"hexo","hostname":"YANG-PC","pid":11348,"level":20,"msg":"Processed: source/vendors/fastclick/README.md","time":"2016-09-20T12:00:40.173Z","v":0}
{"name":"hexo","hostname":"YANG-PC","pid":11348,"level":20,"msg":"Processed: source/vendors/font-awesome/HELP-US-OUT.txt","time":"2016-09-20T12:00:40.174Z","v":0}
{"name":"hexo","hostname":"YANG-PC","pid":11348,"level":20,"msg":"Processed: source/vendors/font-awesome/bower.json","time":"2016-09-20T12:00:40.175Z","v":0}
{"name":"hexo","hostname":"YANG-PC","pid":11348,"level":20,"msg":"Processed: source/vendors/jquery_lazyload/CONTRIBUTING.md","time":"2016-09-20T12:00:40.177Z","v":0}
{"name":"hexo","hostname":"YANG-PC","pid":11348,"level":20,"msg":"Processed: source/vendors/jquery_lazyload/jquery.scrollstop.js","time":"2016-09-20T12:00:40.179Z","v":0}
{"name":"hexo","hostname":"YANG-PC","pid":11348,"level":20,"msg":"Processed: layout/_layout.swig","time":"2016-09-20T12:00:40.318Z","v":0}
{"name":"hexo","hostname":"YANG-PC","pid":11348,"level":20,"msg":"Processed: layout/page.swig","time":"2016-09-20T12:00:40.318Z","v":0}
{"name":"hexo","hostname":"YANG-PC","pid":11348,"level":20,"msg":"Processed: layout/post.swig","time":"2016-09-20T12:00:40.318Z","v":0}
{"name":"hexo","hostname":"YANG-PC","pid":11348,"level":20,"msg":"Processed: layout/archive.swig","time":"2016-09-20T12:00:40.318Z","v":0}
{"name":"hexo","hostname":"YANG-PC","pid":11348,"level":20,"msg":"Processed: layout/index.swig","time":"2016-09-20T12:00:40.318Z","v":0}
{"name":"hexo","hostname":"YANG-PC","pid":11348,"level":20,"msg":"Processed: layout/category.swig","time":"2016-09-20T12:00:40.319Z","v":0}
{"name":"hexo","hostname":"YANG-PC","pid":11348,"level":20,"msg":"Processed: source/vendors/jquery_lazyload/README.md","time":"2016-09-20T12:00:40.321Z","v":0}
{"name":"hexo","hostname":"YANG-PC","pid":11348,"level":20,"msg":"Processed: source/vendors/velocity/bower.json","time":"2016-09-20T12:00:40.321Z","v":0}
{"name":"hexo","hostname":"YANG-PC","pid":11348,"level":20,"msg":"Processed: source/vendors/jquery_lazyload/jquery.lazyload.js","time":"2016-09-20T12:00:40.321Z","v":0}
{"name":"hexo","hostname":"YANG-PC","pid":11348,"level":20,"msg":"Processed: source/vendors/velocity/velocity.min.js","time":"2016-09-20T12:00:40.321Z","v":0}
{"name":"hexo","hostname":"YANG-PC","pid":11348,"level":20,"msg":"Processed: source/vendors/velocity/velocity.ui.js","time":"2016-09-20T12:00:40.322Z","v":0}
{"name":"hexo","hostname":"YANG-PC","pid":11348,"level":20,"msg":"Processed: source/vendors/jquery_lazyload/bower.json","time":"2016-09-20T12:00:40.322Z","v":0}
{"name":"hexo","hostname":"YANG-PC","pid":11348,"level":20,"msg":"Processed: layout/tag.swig","time":"2016-09-20T12:00:40.344Z","v":0}
{"name":"hexo","hostname":"YANG-PC","pid":11348,"level":20,"msg":"Processed: languages/default.yml","time":"2016-09-20T12:00:40.358Z","v":0}
{"name":"hexo","hostname":"YANG-PC","pid":11348,"level":20,"msg":"Processed: languages/en.yml","time":"2016-09-20T12:00:40.358Z","v":0}
{"name":"hexo","hostname":"YANG-PC","pid":11348,"level":20,"msg":"Processed: languages/id.yml","time":"2016-09-20T12:00:40.358Z","v":0}
{"name":"hexo","hostname":"YANG-PC","pid":11348,"level":20,"msg":"Processed: languages/ko.yml","time":"2016-09-20T12:00:40.360Z","v":0}
{"name":"hexo","hostname":"YANG-PC","pid":11348,"level":20,"msg":"Processed: languages/de.yml","time":"2016-09-20T12:00:40.361Z","v":0}
{"name":"hexo","hostname":"YANG-PC","pid":11348,"level":20,"msg":"Processed: languages/ja.yml","time":"2016-09-20T12:00:40.361Z","v":0}
{"name":"hexo","hostname":"YANG-PC","pid":11348,"level":20,"msg":"Processed: languages/pt-BR.yml","time":"2016-09-20T12:00:40.361Z","v":0}
{"name":"hexo","hostname":"YANG-PC","pid":11348,"level":20,"msg":"Processed: languages/pt.yml","time":"2016-09-20T12:00:40.361Z","v":0}
{"name":"hexo","hostname":"YANG-PC","pid":11348,"level":20,"msg":"Processed: languages/zh-hk.yml","time":"2016-09-20T12:00:40.361Z","v":0}
{"name":"hexo","hostname":"YANG-PC","pid":11348,"level":20,"msg":"Processed: languages/zh-Hans.yml","time":"2016-09-20T12:00:40.361Z","v":0}
{"name":"hexo","hostname":"YANG-PC","pid":11348,"level":20,"msg":"Processed: languages/ru.yml","time":"2016-09-20T12:00:40.361Z","v":0}
{"name":"hexo","hostname":"YANG-PC","pid":11348,"level":20,"msg":"Processed: source/vendors/velocity/velocity.ui.min.js","time":"2016-09-20T12:00:40.361Z","v":0}
{"name":"hexo","hostname":"YANG-PC","pid":11348,"level":20,"msg":"Processed: source/vendors/jquery/index.js","time":"2016-09-20T12:00:40.370Z","v":0}
{"name":"hexo","hostname":"YANG-PC","pid":11348,"level":20,"msg":"Processed: source/js/src/schemes/pisces.js","time":"2016-09-20T12:00:40.370Z","v":0}
{"name":"hexo","hostname":"YANG-PC","pid":11348,"level":20,"msg":"Processed: layout/_macro/post-collapse.swig","time":"2016-09-20T12:00:40.389Z","v":0}
{"name":"hexo","hostname":"YANG-PC","pid":11348,"level":20,"msg":"Processed: layout/_macro/reward.swig","time":"2016-09-20T12:00:40.389Z","v":0}
{"name":"hexo","hostname":"YANG-PC","pid":11348,"level":20,"msg":"Processed: layout/_macro/wechat-subscriber.swig","time":"2016-09-20T12:00:40.389Z","v":0}
{"name":"hexo","hostname":"YANG-PC","pid":11348,"level":20,"msg":"Processed: languages/zh-tw.yml","time":"2016-09-20T12:00:40.390Z","v":0}
{"name":"hexo","hostname":"YANG-PC","pid":11348,"level":20,"msg":"Processed: source/vendors/font-awesome/css/font-awesome.css.map","time":"2016-09-20T12:00:40.391Z","v":0}
{"name":"hexo","hostname":"YANG-PC","pid":11348,"level":20,"msg":"Processed: source/vendors/fancybox/source/blank.gif","time":"2016-09-20T12:00:40.391Z","v":0}
{"name":"hexo","hostname":"YANG-PC","pid":11348,"level":20,"msg":"Processed: layout/_macro/sidebar.swig","time":"2016-09-20T12:00:40.431Z","v":0}
{"name":"hexo","hostname":"YANG-PC","pid":11348,"level":20,"msg":"Processed: layout/_macro/post.swig","time":"2016-09-20T12:00:40.432Z","v":0}
{"name":"hexo","hostname":"YANG-PC","pid":11348,"level":20,"msg":"Processed: layout/_scripts/boostrap.swig","time":"2016-09-20T12:00:40.432Z","v":0}
{"name":"hexo","hostname":"YANG-PC","pid":11348,"level":20,"msg":"Processed: layout/_scripts/baidu-push.swig","time":"2016-09-20T12:00:40.432Z","v":0}
{"name":"hexo","hostname":"YANG-PC","pid":11348,"level":20,"msg":"Processed: layout/_scripts/commons.swig","time":"2016-09-20T12:00:40.432Z","v":0}
{"name":"hexo","hostname":"YANG-PC","pid":11348,"level":20,"msg":"Processed: layout/_scripts/vendors.swig","time":"2016-09-20T12:00:40.432Z","v":0}
{"name":"hexo","hostname":"YANG-PC","pid":11348,"level":20,"msg":"Processed: languages/fr-FR.yml","time":"2016-09-20T12:00:40.435Z","v":0}
{"name":"hexo","hostname":"YANG-PC","pid":11348,"level":20,"msg":"Processed: source/vendors/fancybox/source/fancybox_loading.gif","time":"2016-09-20T12:00:40.435Z","v":0}
{"name":"hexo","hostname":"YANG-PC","pid":11348,"level":20,"msg":"Processed: source/vendors/fancybox/source/fancybox_loading@2x.gif","time":"2016-09-20T12:00:40.435Z","v":0}
{"name":"hexo","hostname":"YANG-PC","pid":11348,"level":20,"msg":"Processed: source/vendors/fastclick/lib/fastclick.js","time":"2016-09-20T12:00:40.435Z","v":0}
{"name":"hexo","hostname":"YANG-PC","pid":11348,"level":20,"msg":"Processed: source/vendors/font-awesome/css/font-awesome.min.css","time":"2016-09-20T12:00:40.435Z","v":0}
{"name":"hexo","hostname":"YANG-PC","pid":11348,"level":20,"msg":"Processed: source/vendors/fastclick/lib/fastclick.min.js","time":"2016-09-20T12:00:40.435Z","v":0}
{"name":"hexo","hostname":"YANG-PC","pid":11348,"level":20,"msg":"Processed: source/vendors/fancybox/source/fancybox_overlay.png","time":"2016-09-20T12:00:40.436Z","v":0}
{"name":"hexo","hostname":"YANG-PC","pid":11348,"level":20,"msg":"Processed: source/vendors/fancybox/source/fancybox_sprite.png","time":"2016-09-20T12:00:40.436Z","v":0}
{"name":"hexo","hostname":"YANG-PC","pid":11348,"level":20,"msg":"Processed: source/vendors/fancybox/source/fancybox_sprite@2x.png","time":"2016-09-20T12:00:40.436Z","v":0}
{"name":"hexo","hostname":"YANG-PC","pid":11348,"level":20,"msg":"Processed: source/vendors/fancybox/source/jquery.fancybox.css","time":"2016-09-20T12:00:40.436Z","v":0}
{"name":"hexo","hostname":"YANG-PC","pid":11348,"level":20,"msg":"Processed: source/vendors/ua-parser-js/dist/ua-parser.min.js","time":"2016-09-20T12:00:40.436Z","v":0}
{"name":"hexo","hostname":"YANG-PC","pid":11348,"level":20,"msg":"Processed: source/vendors/font-awesome/css/font-awesome.css","time":"2016-09-20T12:00:40.437Z","v":0}
{"name":"hexo","hostname":"YANG-PC","pid":11348,"level":20,"msg":"Processed: source/vendors/fancybox/source/jquery.fancybox.js","time":"2016-09-20T12:00:40.437Z","v":0}
{"name":"hexo","hostname":"YANG-PC","pid":11348,"level":20,"msg":"Processed: source/vendors/ua-parser-js/dist/ua-parser.pack.js","time":"2016-09-20T12:00:40.437Z","v":0}
{"name":"hexo","hostname":"YANG-PC","pid":11348,"level":20,"msg":"Processed: source/vendors/fancybox/source/jquery.fancybox.pack.js","time":"2016-09-20T12:00:40.437Z","v":0}
{"name":"hexo","hostname":"YANG-PC","pid":11348,"level":20,"msg":"Processed: source/vendors/font-awesome/fonts/fontawesome-webfont.woff2","time":"2016-09-20T12:00:40.437Z","v":0}
{"name":"hexo","hostname":"YANG-PC","pid":11348,"level":20,"msg":"Processed: layout/_partials/duoshuo-hot-articles.swig","time":"2016-09-20T12:00:40.450Z","v":0}
{"name":"hexo","hostname":"YANG-PC","pid":11348,"level":20,"msg":"Processed: layout/_partials/pagination.swig","time":"2016-09-20T12:00:40.450Z","v":0}
{"name":"hexo","hostname":"YANG-PC","pid":11348,"level":20,"msg":"Processed: layout/_partials/comments.swig","time":"2016-09-20T12:00:40.450Z","v":0}
{"name":"hexo","hostname":"YANG-PC","pid":11348,"level":20,"msg":"Processed: layout/_partials/footer.swig","time":"2016-09-20T12:00:40.450Z","v":0}
{"name":"hexo","hostname":"YANG-PC","pid":11348,"level":20,"msg":"Processed: layout/_partials/search.swig","time":"2016-09-20T12:00:40.451Z","v":0}
{"name":"hexo","hostname":"YANG-PC","pid":11348,"level":20,"msg":"Processed: layout/_scripts/schemes/mist.swig","time":"2016-09-20T12:00:40.451Z","v":0}
{"name":"hexo","hostname":"YANG-PC","pid":11348,"level":20,"msg":"Processed: layout/_scripts/schemes/muse.swig","time":"2016-09-20T12:00:40.451Z","v":0}
{"name":"hexo","hostname":"YANG-PC","pid":11348,"level":20,"msg":"Processed: layout/_partials/header.swig","time":"2016-09-20T12:00:40.451Z","v":0}
{"name":"hexo","hostname":"YANG-PC","pid":11348,"level":20,"msg":"Processed: layout/_partials/head.swig","time":"2016-09-20T12:00:40.451Z","v":0}
{"name":"hexo","hostname":"YANG-PC","pid":11348,"level":20,"msg":"Processed: source/vendors/velocity/velocity.js","time":"2016-09-20T12:00:40.452Z","v":0}
{"name":"hexo","hostname":"YANG-PC","pid":11348,"level":20,"msg":"Processed: source/vendors/font-awesome/fonts/FontAwesome.otf","time":"2016-09-20T12:00:40.452Z","v":0}
{"name":"hexo","hostname":"YANG-PC","pid":11348,"level":20,"msg":"Processed: source/vendors/font-awesome/fonts/fontawesome-webfont.woff","time":"2016-09-20T12:00:40.452Z","v":0}
{"name":"hexo","hostname":"YANG-PC","pid":11348,"level":20,"msg":"Processed: layout/_scripts/pages/post-details.swig","time":"2016-09-20T12:00:40.455Z","v":0}
{"name":"hexo","hostname":"YANG-PC","pid":11348,"level":20,"msg":"Processed: source/vendors/fancybox/source/helpers/fancybox_buttons.png","time":"2016-09-20T12:00:40.457Z","v":0}
{"name":"hexo","hostname":"YANG-PC","pid":11348,"level":20,"msg":"Processed: source/vendors/fancybox/source/helpers/jquery.fancybox-buttons.css","time":"2016-09-20T12:00:40.458Z","v":0}
{"name":"hexo","hostname":"YANG-PC","pid":11348,"level":20,"msg":"Processed: source/vendors/fancybox/source/helpers/jquery.fancybox-thumbs.css","time":"2016-09-20T12:00:40.458Z","v":0}
{"name":"hexo","hostname":"YANG-PC","pid":11348,"level":20,"msg":"Processed: source/vendors/fancybox/source/helpers/jquery.fancybox-media.js","time":"2016-09-20T12:00:40.458Z","v":0}
{"name":"hexo","hostname":"YANG-PC","pid":11348,"level":20,"msg":"Processed: source/vendors/fancybox/source/helpers/jquery.fancybox-buttons.js","time":"2016-09-20T12:00:40.458Z","v":0}
{"name":"hexo","hostname":"YANG-PC","pid":11348,"level":20,"msg":"Processed: source/vendors/font-awesome/fonts/fontawesome-webfont.eot","time":"2016-09-20T12:00:40.458Z","v":0}
{"name":"hexo","hostname":"YANG-PC","pid":11348,"level":20,"msg":"Processed: source/vendors/font-awesome/fonts/fontawesome-webfont.ttf","time":"2016-09-20T12:00:40.458Z","v":0}
{"name":"hexo","hostname":"YANG-PC","pid":11348,"level":20,"msg":"Processed: layout/_scripts/third-party/analytics.swig","time":"2016-09-20T12:00:40.467Z","v":0}
{"name":"hexo","hostname":"YANG-PC","pid":11348,"level":20,"msg":"Processed: layout/_scripts/third-party/comments.swig","time":"2016-09-20T12:00:40.467Z","v":0}
{"name":"hexo","hostname":"YANG-PC","pid":11348,"level":20,"msg":"Processed: layout/_scripts/schemes/pisces.swig","time":"2016-09-20T12:00:40.467Z","v":0}
{"name":"hexo","hostname":"YANG-PC","pid":11348,"level":20,"msg":"Processed: layout/_scripts/third-party/lean-analytics.swig","time":"2016-09-20T12:00:40.467Z","v":0}
{"name":"hexo","hostname":"YANG-PC","pid":11348,"level":20,"msg":"Processed: layout/_scripts/third-party/tinysou.swig","time":"2016-09-20T12:00:40.467Z","v":0}
{"name":"hexo","hostname":"YANG-PC","pid":11348,"level":20,"msg":"Processed: layout/_partials/search/localsearch.swig","time":"2016-09-20T12:00:40.467Z","v":0}
{"name":"hexo","hostname":"YANG-PC","pid":11348,"level":20,"msg":"Processed: layout/_scripts/third-party/mathjax.swig","time":"2016-09-20T12:00:40.467Z","v":0}
{"name":"hexo","hostname":"YANG-PC","pid":11348,"level":20,"msg":"Processed: layout/_partials/search/swiftype.swig","time":"2016-09-20T12:00:40.467Z","v":0}
{"name":"hexo","hostname":"YANG-PC","pid":11348,"level":20,"msg":"Processed: layout/_partials/search/tinysou.swig","time":"2016-09-20T12:00:40.468Z","v":0}
{"name":"hexo","hostname":"YANG-PC","pid":11348,"level":20,"msg":"Processed: layout/_partials/share/add-this.swig","time":"2016-09-20T12:00:40.468Z","v":0}
{"name":"hexo","hostname":"YANG-PC","pid":11348,"level":20,"msg":"Processed: layout/_partials/share/duoshuo_share.swig","time":"2016-09-20T12:00:40.468Z","v":0}
{"name":"hexo","hostname":"YANG-PC","pid":11348,"level":20,"msg":"Processed: layout/_scripts/third-party/localsearch.swig","time":"2016-09-20T12:00:40.468Z","v":0}
{"name":"hexo","hostname":"YANG-PC","pid":11348,"level":20,"msg":"Processed: layout/_partials/head/external-fonts.swig","time":"2016-09-20T12:00:40.468Z","v":0}
{"name":"hexo","hostname":"YANG-PC","pid":11348,"level":20,"msg":"Processed: layout/_partials/share/jiathis.swig","time":"2016-09-20T12:00:40.468Z","v":0}
{"name":"hexo","hostname":"YANG-PC","pid":11348,"level":20,"msg":"Processed: source/vendors/fancybox/source/helpers/jquery.fancybox-thumbs.js","time":"2016-09-20T12:00:40.469Z","v":0}
{"name":"hexo","hostname":"YANG-PC","pid":11348,"level":20,"msg":"Processed: layout/_partials/share/baidushare.swig","time":"2016-09-20T12:00:40.474Z","v":0}
{"name":"hexo","hostname":"YANG-PC","pid":11348,"level":20,"msg":"Processed: layout/_scripts/third-party/comments/disqus.swig","time":"2016-09-20T12:00:40.474Z","v":0}
{"name":"hexo","hostname":"YANG-PC","pid":11348,"level":20,"msg":"Processed: layout/_scripts/third-party/comments/duoshuo.swig","time":"2016-09-20T12:00:40.474Z","v":0}
{"name":"hexo","hostname":"YANG-PC","pid":11348,"level":20,"msg":"Processed: layout/_scripts/third-party/analytics/baidu-analytics.swig","time":"2016-09-20T12:00:40.474Z","v":0}
{"name":"hexo","hostname":"YANG-PC","pid":11348,"level":20,"msg":"Processed: layout/_scripts/third-party/analytics/busuanzi-counter.swig","time":"2016-09-20T12:00:40.474Z","v":0}
{"name":"hexo","hostname":"YANG-PC","pid":11348,"level":20,"msg":"Processed: layout/_scripts/third-party/analytics/cnzz-analytics.swig","time":"2016-09-20T12:00:40.474Z","v":0}
{"name":"hexo","hostname":"YANG-PC","pid":11348,"level":20,"msg":"Processed: layout/_scripts/third-party/analytics/facebook-sdk.swig","time":"2016-09-20T12:00:40.474Z","v":0}
{"name":"hexo","hostname":"YANG-PC","pid":11348,"level":20,"msg":"Processed: layout/_scripts/third-party/analytics/google-analytics.swig","time":"2016-09-20T12:00:40.474Z","v":0}
{"name":"hexo","hostname":"YANG-PC","pid":11348,"level":20,"msg":"Processed: layout/_scripts/third-party/analytics/tencent-analytics.swig","time":"2016-09-20T12:00:40.476Z","v":0}
{"name":"hexo","hostname":"YANG-PC","pid":11348,"level":20,"msg":"Processed: source/vendors/font-awesome/fonts/fontawesome-webfont.svg","time":"2016-09-20T12:00:40.477Z","v":0}
{"name":"hexo","hostname":"YANG-PC","pid":11348,"level":20,"msg":"Generator: page","time":"2016-09-20T12:00:40.780Z","v":0}
{"name":"hexo","hostname":"YANG-PC","pid":11348,"level":20,"msg":"Generator: post","time":"2016-09-20T12:00:40.780Z","v":0}
{"name":"hexo","hostname":"YANG-PC","pid":11348,"level":20,"msg":"Generator: archive","time":"2016-09-20T12:00:40.780Z","v":0}
{"name":"hexo","hostname":"YANG-PC","pid":11348,"level":20,"msg":"Generator: index","time":"2016-09-20T12:00:40.781Z","v":0}
{"name":"hexo","hostname":"YANG-PC","pid":11348,"level":20,"msg":"Generator: tag","time":"2016-09-20T12:00:40.781Z","v":0}
{"name":"hexo","hostname":"YANG-PC","pid":11348,"level":20,"msg":"Generator: category","time":"2016-09-20T12:00:40.781Z","v":0}
{"name":"hexo","hostname":"YANG-PC","pid":11348,"level":20,"msg":"Generator: asset","time":"2016-09-20T12:00:40.802Z","v":0}
{"name":"hexo","hostname":"YANG-PC","pid":11348,"level":30,"msg":"Hexo is running at http://localhost:4000/. Press Ctrl+C to stop.","time":"2016-09-20T12:00:40.808Z","v":0}
{"name":"hexo","hostname":"YANG-PC","pid":11348,"level":20,"msg":"Database saved","time":"2016-09-20T12:00:40.824Z","v":0}
{"name":"hexo","hostname":"YANG-PC","pid":11348,"level":20,"msg":"Rendering index: index.html","time":"2016-09-20T12:00:47.196Z","v":0}
{"name":"hexo","hostname":"YANG-PC","pid":11348,"level":20,"msg":"Processed: source/images/avatar.png","time":"2016-09-21T00:57:56.473Z","v":0}
{"name":"hexo","hostname":"YANG-PC","pid":11348,"level":20,"msg":"Generator: page","time":"2016-09-21T00:57:56.667Z","v":0}
{"name":"hexo","hostname":"YANG-PC","pid":11348,"level":20,"msg":"Generator: post","time":"2016-09-21T00:57:56.667Z","v":0}
{"name":"hexo","hostname":"YANG-PC","pid":11348,"level":20,"msg":"Generator: archive","time":"2016-09-21T00:57:56.668Z","v":0}
{"name":"hexo","hostname":"YANG-PC","pid":11348,"level":20,"msg":"Generator: index","time":"2016-09-21T00:57:56.668Z","v":0}
{"name":"hexo","hostname":"YANG-PC","pid":11348,"level":20,"msg":"Generator: tag","time":"2016-09-21T00:57:56.668Z","v":0}
{"name":"hexo","hostname":"YANG-PC","pid":11348,"level":20,"msg":"Generator: category","time":"2016-09-21T00:57:56.669Z","v":0}
{"name":"hexo","hostname":"YANG-PC","pid":11348,"level":20,"msg":"Generator: asset","time":"2016-09-21T00:57:56.672Z","v":0}
{"name":"hexo","hostname":"YANG-PC","pid":11348,"level":20,"msg":"Rendering index: index.html","time":"2016-09-21T01:24:43.273Z","v":0}
